<?xml version="1.0" encoding="UTF-8"?>
<testng-results ignored="0" total="1" passed="1" failed="0" skipped="0">
  <reporter-output>
  </reporter-output>
  <suite started-at="2025-01-27T20:14:01 IST" name="Surefire suite" finished-at="2025-01-27T20:14:16 IST" duration-ms="14740">
    <groups>
    </groups>
    <test started-at="2025-01-27T20:14:01 IST" name="Surefire test" finished-at="2025-01-27T20:14:16 IST" duration-ms="14740">
      <class name="Scratch_APISK05.ProjectFramework_APISK_05.AppTest">
        <test-method signature="shouldAnswerWithTrue()" started-at="2025-01-27T20:14:01 IST" name="shouldAnswerWithTrue" finished-at="2025-01-27T20:14:01 IST" duration-ms="18" status="PASS">
          <reporter-output>
          </reporter-output>
        </test-method> <!-- shouldAnswerWithTrue -->
      </class> <!-- Scratch_APISK05.ProjectFramework_APISK_05.AppTest -->
    </test> <!-- Surefire test -->
  </suite> <!-- Surefire suite -->
</testng-results>
